# JRE version: OpenJDK Runtime Environment (15.0.1+9) (build 15.0.1+9-18)
# Java VM: OpenJDK 64-Bit Server VM (15.0.1+9-18, mixed mode, tiered, compressed oops, g1 gc, linux-amd64)
GC Precious Log:
 CPUs: 4 total, 4 available
 Memory: 7852M
 Large Page Support: Disabled
 NUMA Support: Disabled
 Compressed Oops: Enabled (32-bit)
 Heap Region Size: 1M
 Heap Min Capacity: 8M
 Heap Initial Capacity: 124M
 Heap Max Capacity: 1964M
 Pre-touch: Disabled
 Parallel Workers: 4
 Concurrent Workers: 1
 Concurrent Refinement Workers: 4
 Periodic GC: Disabled
Heap:
 garbage-first heap   total 64512K, used 26755K [0x0000000085400000, 0x0000000100000000)
  region size 1024K, 7 young (7168K), 4 survivors (4096K)
 Metaspace       used 65922K, capacity 66449K, committed 67504K, reserved 1107968K
  class space    used 8407K, capacity 8602K, committed 8704K, reserved 1048576K
GC Heap History (20 events):
Event: 8.419 GC heap before
{Heap before GC invocations=22 (full 0):
 garbage-first heap   total 53248K, used 42575K [0x0000000085400000, 0x0000000100000000)
  region size 1024K, 28 young (28672K), 2 survivors (2048K)
 Metaspace       used 40816K, capacity 41232K, committed 41904K, reserved 1085440K
  class space    used 4845K, capacity 4994K, committed 5120K, reserved 1048576K
}
Event: 8.423 GC heap after
{Heap after GC invocations=23 (full 0):
 garbage-first heap   total 53248K, used 16860K [0x0000000085400000, 0x0000000100000000)
  region size 1024K, 3 young (3072K), 3 survivors (3072K)
 Metaspace       used 40816K, capacity 41232K, committed 41904K, reserved 1085440K
  class space    used 4845K, capacity 4994K, committed 5120K, reserved 1048576K
}
Event: 9.012 GC heap before
{Heap before GC invocations=23 (full 0):
 garbage-first heap   total 53248K, used 41436K [0x0000000085400000, 0x0000000100000000)
  region size 1024K, 28 young (28672K), 3 survivors (3072K)
 Metaspace       used 43685K, capacity 44118K, committed 44720K, reserved 1089536K
  class space    used 5178K, capacity 5316K, committed 5376K, reserved 1048576K
}
Event: 9.021 GC heap after
{Heap after GC invocations=24 (full 0):
 garbage-first heap   total 64512K, used 17382K [0x0000000085400000, 0x0000000100000000)
  region size 1024K, 3 young (3072K), 3 survivors (3072K)
 Metaspace       used 43685K, capacity 44118K, committed 44720K, reserved 1089536K
  class space    used 5178K, capacity 5316K, committed 5376K, reserved 1048576K
}
Event: 10.059 GC heap before
{Heap before GC invocations=24 (full 0):
 garbage-first heap   total 64512K, used 52198K [0x0000000085400000, 0x0000000100000000)
  region size 1024K, 37 young (37888K), 3 survivors (3072K)
 Metaspace       used 47014K, capacity 47432K, committed 48176K, reserved 1091584K
  class space    used 5787K, capacity 5927K, committed 6016K, reserved 1048576K
}
Event: 10.064 GC heap after
{Heap after GC invocations=25 (full 0):
 garbage-first heap   total 64512K, used 18008K [0x0000000085400000, 0x0000000100000000)
  region size 1024K, 3 young (3072K), 3 survivors (3072K)
 Metaspace       used 47014K, capacity 47432K, committed 48176K, reserved 1091584K
  class space    used 5787K, capacity 5927K, committed 6016K, reserved 1048576K
}
Event: 11.329 GC heap before
{Heap before GC invocations=25 (full 0):
 garbage-first heap   total 64512K, used 51800K [0x0000000085400000, 0x0000000100000000)
  region size 1024K, 36 young (36864K), 3 survivors (3072K)
 Metaspace       used 50569K, capacity 51002K, committed 51760K, reserved 1095680K
  class space    used 6302K, capacity 6475K, committed 6528K, reserved 1048576K
}
Event: 11.335 GC heap after
{Heap after GC invocations=26 (full 0):
 garbage-first heap   total 64512K, used 18522K [0x0000000085400000, 0x0000000100000000)
  region size 1024K, 4 young (4096K), 4 survivors (4096K)
 Metaspace       used 50569K, capacity 51002K, committed 51760K, reserved 1095680K
  class space    used 6302K, capacity 6475K, committed 6528K, reserved 1048576K
}
Event: 18.801 GC heap before
{Heap before GC invocations=26 (full 0):
 garbage-first heap   total 64512K, used 51290K [0x0000000085400000, 0x0000000100000000)
  region size 1024K, 36 young (36864K), 4 survivors (4096K)
 Metaspace       used 53879K, capacity 54339K, committed 55088K, reserved 1097728K
  class space    used 6759K, capacity 6925K, committed 7040K, reserved 1048576K
}
Event: 18.808 GC heap after
{Heap after GC invocations=27 (full 0):
 garbage-first heap   total 64512K, used 19129K [0x0000000085400000, 0x0000000100000000)
  region size 1024K, 3 young (3072K), 3 survivors (3072K)
 Metaspace       used 53879K, capacity 54339K, committed 55088K, reserved 1097728K
  class space    used 6759K, capacity 6925K, committed 7040K, reserved 1048576K
}
Event: 20.395 GC heap before
{Heap before GC invocations=27 (full 0):
 garbage-first heap   total 64512K, used 52921K [0x0000000085400000, 0x0000000100000000)
  region size 1024K, 36 young (36864K), 3 survivors (3072K)
 Metaspace       used 57015K, capacity 57514K, committed 58416K, reserved 1099776K
  class space    used 7278K, capacity 7447K, committed 7552K, reserved 1048576K
}
Event: 20.402 GC heap after
{Heap after GC invocations=28 (full 0):
 garbage-first heap   total 64512K, used 19815K [0x0000000085400000, 0x0000000100000000)
  region size 1024K, 4 young (4096K), 4 survivors (4096K)
 Metaspace       used 57015K, capacity 57514K, committed 58416K, reserved 1099776K
  class space    used 7278K, capacity 7447K, committed 7552K, reserved 1048576K
}
Event: 21.543 GC heap before
{Heap before GC invocations=28 (full 0):
 garbage-first heap   total 64512K, used 41319K [0x0000000085400000, 0x0000000100000000)
  region size 1024K, 26 young (26624K), 4 survivors (4096K)
 Metaspace       used 59107K, capacity 59551K, committed 60240K, reserved 1101824K
  class space    used 7536K, capacity 7676K, committed 7680K, reserved 1048576K
}
Event: 21.550 GC heap after
{Heap after GC invocations=29 (full 0):
 garbage-first heap   total 64512K, used 21017K [0x0000000085400000, 0x0000000100000000)
  region size 1024K, 4 young (4096K), 4 survivors (4096K)
 Metaspace       used 59107K, capacity 59551K, committed 60240K, reserved 1101824K
  class space    used 7536K, capacity 7676K, committed 7680K, reserved 1048576K
}
Event: 22.519 GC heap before
{Heap before GC invocations=30 (full 0):
 garbage-first heap   total 64512K, used 52761K [0x0000000085400000, 0x0000000100000000)
  region size 1024K, 35 young (35840K), 4 survivors (4096K)
 Metaspace       used 60666K, capacity 61149K, committed 62000K, reserved 1103872K
  class space    used 7799K, capacity 7970K, committed 8064K, reserved 1048576K
}
Event: 22.529 GC heap after
{Heap after GC invocations=31 (full 0):
 garbage-first heap   total 64512K, used 22414K [0x0000000085400000, 0x0000000100000000)
  region size 1024K, 4 young (4096K), 4 survivors (4096K)
 Metaspace       used 60666K, capacity 61149K, committed 62000K, reserved 1103872K
  class space    used 7799K, capacity 7970K, committed 8064K, reserved 1048576K
}
Event: 25.082 GC heap before
{Heap before GC invocations=31 (full 0):
 garbage-first heap   total 64512K, used 53134K [0x0000000085400000, 0x0000000100000000)
  region size 1024K, 34 young (34816K), 4 survivors (4096K)
 Metaspace       used 63498K, capacity 63967K, committed 64816K, reserved 1105920K
  class space    used 8141K, capacity 8309K, committed 8320K, reserved 1048576K
}
Event: 25.090 GC heap after
{Heap after GC invocations=32 (full 0):
 garbage-first heap   total 64512K, used 23724K [0x0000000085400000, 0x0000000100000000)
  region size 1024K, 3 young (3072K), 3 survivors (3072K)
 Metaspace       used 63498K, capacity 63967K, committed 64816K, reserved 1105920K
  class space    used 8141K, capacity 8309K, committed 8320K, reserved 1048576K
}
Event: 107.159 GC heap before
{Heap before GC invocations=32 (full 0):
 garbage-first heap   total 64512K, used 51372K [0x0000000085400000, 0x0000000100000000)
  region size 1024K, 31 young (31744K), 3 survivors (3072K)
 Metaspace       used 65910K, capacity 66440K, committed 67504K, reserved 1107968K
  class space    used 8403K, capacity 8600K, committed 8704K, reserved 1048576K
}
Event: 107.260 GC heap after
{Heap after GC invocations=33 (full 0):
 garbage-first heap   total 64512K, used 25731K [0x0000000085400000, 0x0000000100000000)
  region size 1024K, 4 young (4096K), 4 survivors (4096K)
 Metaspace       used 65910K, capacity 66440K, committed 67504K, reserved 1107968K
  class space    used 8403K, capacity 8600K, committed 8704K, reserved 1048576K
}

